<component name="libraryTable">
  <library name="junit:junit:4.13-SNAPSHOT" type="repository">
    <properties maven-id="junit:junit:4.13-SNAPSHOT" />
    <CLASSES>
      <root url="jar://$MAVEN_REPOSITORY$/junit/junit/4.13-SNAPSHOT/junit-4.13-SNAPSHOT.jar!/" />
      <root url="jar://$MAVEN_REPOSITORY$/org/hamcrest/hamcrest-core/1.3/hamcrest-core-1.3.jar!/" />
    </CLASSES>
    <JAVADOC />
    <SOURCES />
  </library>
</component>